<?xml version="1.0" encoding="UTF-8"?>
<!-- Generated by org.testng.reporters.JUnitReportReporter -->
<testsuite hostname="DESKTOP-EL5SCMR" failures="0" tests="2" name="com.test.Day3" time="0.010" errors="0" timestamp="2021-08-25T23:02:21 IST" skipped="0">
  <testcase classname="com.test.Day3" name="webloginCarloan" time="0.009"/>
  <system-out/>
  <testcase classname="com.test.Day3" name="mobileloginCarloan" time="0.001"/>
  <system-out/>
</testsuite> <!-- com.test.Day3 -->
