<?xml version="1.0" encoding="UTF-8"?>
<!-- Generated by org.testng.reporters.JUnitReportReporter -->
<testsuite hostname="DESKTOP-EL5SCMR" failures="0" tests="3" name="com.testScreen.Screen1" time="0.010" errors="0" timestamp="2021-08-25T23:00:04 IST" skipped="0">
  <testcase classname="com.testScreen.Screen1" name="meth2" time="0.001"/>
  <system-out/>
  <testcase classname="com.testScreen.Screen1" name="meth1" time="0.007"/>
  <system-out/>
  <testcase classname="com.testScreen.Screen1" name="meth2" time="0.002"/>
  <system-out/>
</testsuite> <!-- com.testScreen.Screen1 -->
