<?xml version="1.0" encoding="UTF-8"?>
<!-- Generated by org.testng.reporters.JUnitReportReporter -->
<testsuite hostname="DESKTOP-EL5SCMR" failures="0" tests="1" name="com.test.Day2" time="0.004" errors="0" timestamp="2021-08-25T23:02:21 IST" skipped="0">
  <testcase classname="com.test.Day2" name="demo1" time="0.004"/>
  <system-out/>
</testsuite> <!-- com.test.Day2 -->
