<?xml version="1.0" encoding="UTF-8"?>
<!-- Generated by org.testng.reporters.JUnitReportReporter -->
<testsuite hostname="DESKTOP-EL5SCMR" failures="0" tests="2" name="com.test.Day4" time="0.004" errors="0" timestamp="2021-08-25T23:02:21 IST" skipped="0">
  <testcase classname="com.test.Day4" name="webloginHouseloan" time="0.002"/>
  <system-out/>
  <testcase classname="com.test.Day4" name="mobileloginHouseloan" time="0.002"/>
  <system-out/>
</testsuite> <!-- com.test.Day4 -->
