<?xml version="1.0" encoding="UTF-8"?>
<!-- Generated by org.testng.reporters.JUnitReportReporter -->
<testsuite hostname="DESKTOP-EL5SCMR" failures="0" tests="3" name="com.test.Data1" time="0.014" errors="0" timestamp="2021-09-03T10:13:30 IST" skipped="0">
  <testcase classname="com.test.Data1" name="meth1" time="0.011"/>
  <system-out/>
  <testcase classname="com.test.Data1" name="meth2" time="0.002"/>
  <system-out/>
  <testcase classname="com.test.Data1" name="meth2" time="0.001"/>
  <system-out/>
</testsuite> <!-- com.test.Data1 -->
