<?xml version="1.0" encoding="UTF-8"?>
<!-- Generated by org.testng.reporters.JUnitReportReporter -->
<testsuite hostname="DESKTOP-EL5SCMR" failures="0" tests="2" name="com.testScreen.Screen2" time="0.004" errors="0" timestamp="2021-08-25T23:00:04 IST" skipped="0">
  <testcase classname="com.testScreen.Screen2" name="meth3" time="0.001"/>
  <system-out/>
  <testcase classname="com.testScreen.Screen2" name="meth4" time="0.003"/>
  <system-out/>
</testsuite> <!-- com.testScreen.Screen2 -->
